#
# There is insufficient memory for the Java Runtime Environment to continue.
# Native memory allocation (mmap) failed to map 268435456 bytes for Failed to commit area from 0x0000000701000000 to 0x0000000711000000 of length 268435456.
# Possible reasons:
#   The system is out of physical RAM or swap space
#   The process is running with CompressedOops enabled, and the Java Heap may be blocking the growth of the native heap
# Possible solutions:
#   Reduce memory load on the system
#   Increase physical memory or swap space
#   Check if swap backing store is full
#   Decrease Java heap size (-Xmx/-Xms)
#   Decrease number of Java threads
#   Decrease Java thread stack sizes (-Xss)
#   Set larger code cache with -XX:ReservedCodeCacheSize=
# This output file may be truncated or incomplete.
#
#  Out of Memory Error (c:/BuildAgent/work/5ff2f6c26000d570/src/hotspot/os/windows/os_windows.cpp:3291), pid=7712, tid=12836
#
# JRE version:  (11.0.5+10) (build )
# Java VM: OpenJDK 64-Bit Server VM (11.0.5+10-b520.38, mixed mode, aot, sharing, tiered, compressed oops, g1 gc, windows-amd64)
# No core dump will be written. Minidumps are not enabled by default on client versions of Windows
#

---------------  S U M M A R Y ------------

Command Line: org.jetbrains.git4idea.http.GitAskPassApp Username for 'https://github.com': 

Host: Intel(R) Core(TM) i7-6700HQ CPU @ 2.60GHz, 8 cores, 15G,  Windows 10 , 64 bit Build 17763 (10.0.17763.475)
Time: Thu Mar  5 16:06:16 2020 Eastern Standard Time elapsed time: 0 seconds (0d 0h 0m 0s)

---------------  T H R E A D  ---------------

Current thread (0x000002afbd3ba000):  JavaThread "Unknown thread" [_thread_in_vm, id=12836, stack(0x000000cfbad00000,0x000000cfbae00000)]

Stack: [0x000000cfbad00000,0x000000cfbae00000]
Native frames: (J=compiled Java code, j=interpreted, Vv=VM code, C=native code)
V  [jvm.dll+0x5dcafa]
V  [jvm.dll+0x70e375]
V  [jvm.dll+0x70f898]
V  [jvm.dll+0x70ff63]
V  [jvm.dll+0x23e238]
V  [jvm.dll+0x5da1c4]
V  [jvm.dll+0x5cf265]
V  [jvm.dll+0x2fac3b]
V  [jvm.dll+0x2fabaa]
V  [jvm.dll+0x2faa82]
V  [jvm.dll+0x2ff956]
V  [jvm.dll+0x3480d3]
V  [jvm.dll+0x3487d6]
V  [jvm.dll+0x3481d3]
V  [jvm.dll+0x2d5548]
V  [jvm.dll+0x2d66e7]
V  [jvm.dll+0x6ed237]
V  [jvm.dll+0x6eea2c]
V  [jvm.dll+0x355849]
V  [jvm.dll+0x6d239e]
V  [jvm.dll+0x3be283]
V  [jvm.dll+0x3c0701]
C  [jli.dll+0x5363]
C  [ucrtbase.dll+0x21ffa]
C  [KERNEL32.DLL+0x17974]
C  [ntdll.dll+0x6a271]


---------------  P R O C E S S  ---------------

Threads class SMR info:
_java_thread_list=0x000002afbd2e5f90, length=0, elements={
}

Java Threads: ( => current thread )

Other Threads:
  0x000002afbd446800 GCTaskThread "GC Thread#0" [stack: 0x000000cfbae00000,0x000000cfbaf00000] [id=13124]
  0x000002afbd4a5000 ConcurrentGCThread "G1 Main Marker" [stack: 0x000000cfbaf00000,0x000000cfbb000000] [id=19424]
  0x000002afbd4a6000 ConcurrentGCThread "G1 Conc#0" [stack: 0x000000cfbb000000,0x000000cfbb100000] [id=4456]

[error occurred during error reporting (printing all threads), id 0xc0000005, EXCEPTION_ACCESS_VIOLATION (0xc0000005) at pc=0x00007fff505a5c17]

VM state:not at safepoint (not fully initialized)

VM Mutex/Monitor currently owned by a thread:  ([mutex/lock_event])
[0x000002afbd42deb0] Heap_lock - owner thread: 0x000002afbd3ba000

Heap address: 0x0000000701000000, size: 4080 MB, Compressed Oops mode: Non-zero based: 0x0000000701000000
Narrow klass base: 0x0000000000000000, Narrow klass shift: 0

GC Heap History (0 events):
No events

Deoptimization events (0 events):
No events

Classes redefined (0 events):
No events

Internal exceptions (0 events):
No events

Events (0 events):
No events


Dynamic libraries:
0x00007ff635230000 - 0x00007ff63523a000 	C:\Program Files\JetBrains\WebStorm 2019.2.4\jbr\bin\java.exe
0x00007fff9bcf0000 - 0x00007fff9bedd000 	C:\Windows\SYSTEM32\ntdll.dll
0x00007fff98fa0000 - 0x00007fff99053000 	C:\Windows\System32\KERNEL32.DLL
0x00007fff988c0000 - 0x00007fff98b53000 	C:\Windows\System32\KERNELBASE.dll
0x00007fff98e20000 - 0x00007fff98f1a000 	C:\Windows\System32\ucrtbase.dll
0x00007fff8c200000 - 0x00007fff8c219000 	C:\Program Files\JetBrains\WebStorm 2019.2.4\jbr\bin\jli.dll
0x00007fff8ba60000 - 0x00007fff8ba77000 	C:\Program Files\JetBrains\WebStorm 2019.2.4\jbr\bin\VCRUNTIME140.dll
0x00007fff995e0000 - 0x00007fff99777000 	C:\Windows\System32\USER32.dll
0x00007fff88070000 - 0x00007fff882e9000 	C:\Windows\WinSxS\amd64_microsoft.windows.common-controls_6595b64144ccf1df_6.0.17763.503_none_05b23ef40721f4ae\COMCTL32.dll
0x00007fff98660000 - 0x00007fff98680000 	C:\Windows\System32\win32u.dll
0x00007fff9aef0000 - 0x00007fff9af8e000 	C:\Windows\System32\msvcrt.dll
0x00007fff99390000 - 0x00007fff993b9000 	C:\Windows\System32\GDI32.dll
0x00007fff99060000 - 0x00007fff9938c000 	C:\Windows\System32\combase.dll
0x00007fff98680000 - 0x00007fff9881a000 	C:\Windows\System32\gdi32full.dll
0x00007fff9b700000 - 0x00007fff9b822000 	C:\Windows\System32\RPCRT4.dll
0x00007fff98510000 - 0x00007fff985b0000 	C:\Windows\System32\msvcp_win.dll
0x00007fff98840000 - 0x00007fff988be000 	C:\Windows\System32\bcryptPrimitives.dll
0x00007fff9bc90000 - 0x00007fff9bcbe000 	C:\Windows\System32\IMM32.DLL
0x00007fff832e0000 - 0x00007fff8337d000 	C:\Program Files\JetBrains\WebStorm 2019.2.4\jbr\bin\msvcp140.dll
0x00007fff502c0000 - 0x00007fff50d7b000 	C:\Program Files\JetBrains\WebStorm 2019.2.4\jbr\bin\server\jvm.dll
0x00007fff9aff0000 - 0x00007fff9b093000 	C:\Windows\System32\ADVAPI32.dll
0x00007fff9b9c0000 - 0x00007fff9ba5e000 	C:\Windows\System32\sechost.dll
0x00007fff995d0000 - 0x00007fff995d8000 	C:\Windows\System32\PSAPI.DLL
0x00007fff968b0000 - 0x00007fff968b9000 	C:\Windows\SYSTEM32\WSOCK32.dll
0x00007fff93e10000 - 0x00007fff93e34000 	C:\Windows\SYSTEM32\WINMM.dll
0x00007fff9b690000 - 0x00007fff9b6fd000 	C:\Windows\System32\WS2_32.dll
0x00007fff91cb0000 - 0x00007fff91cba000 	C:\Windows\SYSTEM32\VERSION.dll
0x00007fff93de0000 - 0x00007fff93e0d000 	C:\Windows\SYSTEM32\WINMMBASE.dll
0x00007fff98610000 - 0x00007fff9865a000 	C:\Windows\System32\cfgmgr32.dll
0x00007fff97d20000 - 0x00007fff97d31000 	C:\Windows\System32\kernel.appcore.dll
0x00007fff93ee0000 - 0x00007fff93ef1000 	C:\Program Files\JetBrains\WebStorm 2019.2.4\jbr\bin\verify.dll
0x00007fff96570000 - 0x00007fff9675d000 	C:\Windows\SYSTEM32\DBGHELP.DLL
0x00007fff90440000 - 0x00007fff9046a000 	C:\Windows\SYSTEM32\dbgcore.DLL
0x00007fff92460000 - 0x00007fff92489000 	C:\Program Files\JetBrains\WebStorm 2019.2.4\jbr\bin\java.dll
0x00007fff93ec0000 - 0x00007fff93ed7000 	C:\Program Files\JetBrains\WebStorm 2019.2.4\jbr\bin\zip.dll
0x00007fff93e80000 - 0x00007fff93e8b000 	C:\Program Files\JetBrains\WebStorm 2019.2.4\jbr\bin\jimage.dll

dbghelp: loaded successfully - version: 4.0.5 - missing functions: none
symbol engine: initialized successfully - sym options: 0x614 - pdb path: .;C:\Program Files\JetBrains\WebStorm 2019.2.4\jbr\bin;C:\Windows\SYSTEM32;C:\Windows\WinSxS\amd64_microsoft.windows.common-controls_6595b64144ccf1df_6.0.17763.503_none_05b23ef40721f4ae;C:\Program Files\JetBrains\WebStorm 2019.2.4\jbr\bin\server

VM Arguments:
java_command: org.jetbrains.git4idea.http.GitAskPassApp Username for 'https://github.com': 
java_class_path (initial): C:/Program Files/JetBrains/WebStorm 2019.2.4/plugins/git4idea/lib/git4idea-rt.jar;C:/Program Files/JetBrains/WebStorm 2019.2.4/lib/xmlrpc-2.0.1.jar;C:/Program Files/JetBrains/WebStorm 2019.2.4/lib/commons-codec-1.13.jar;C:/Program Files/JetBrains/WebStorm 2019.2.4/lib/util.jar
Launcher Type: SUN_STANDARD

[Global flags]
     intx CICompilerCount                          = 4                                         {product} {ergonomic}
     uint ConcGCThreads                            = 2                                         {product} {ergonomic}
     uint G1ConcRefinementThreads                  = 8                                         {product} {ergonomic}
   size_t G1HeapRegionSize                         = 1048576                                   {product} {ergonomic}
    uintx GCDrainStackTargetSize                   = 64                                        {product} {ergonomic}
   size_t InitialHeapSize                          = 268435456                                 {product} {ergonomic}
   size_t MarkStackSize                            = 4194304                                   {product} {ergonomic}
   size_t MaxHeapSize                              = 4278190080                                {product} {ergonomic}
   size_t MinHeapDeltaBytes                        = 1048576                                   {product} {ergonomic}
    uintx NonNMethodCodeHeapSize                   = 5836300                                {pd product} {ergonomic}
    uintx NonProfiledCodeHeapSize                  = 122910970                              {pd product} {ergonomic}
    uintx ProfiledCodeHeapSize                     = 122910970                              {pd product} {ergonomic}
    uintx ReservedCodeCacheSize                    = 251658240                              {pd product} {ergonomic}
     bool SegmentedCodeCache                       = true                                      {product} {ergonomic}
     bool UseCompressedClassPointers               = true                                 {lp64_product} {ergonomic}
     bool UseCompressedOops                        = true                                 {lp64_product} {ergonomic}
     bool UseG1GC                                  = true                                      {product} {ergonomic}
     bool UseLargePagesIndividualAllocation        = false                                  {pd product} {ergonomic}

Logging:
Log output configuration:
 #0: stdout all=warning uptime,level,tags
 #1: stderr all=off uptime,level,tags

Environment Variables:
PATH=C:\Program Files\Git\mingw64\libexec\git-core;C:\Program Files\Git\mingw64\libexec\git-core;C:\Program Files\Git\mingw64\bin;C:\Program Files\Git\usr\bin;C:\Users\theoko\bin;C:\Program Files (x86)\Common Files\Oracle\Java\javapath;C:\Windows\system32;C:\Windows;C:\Windows\System32\Wbem;C:\Windows\System32\WindowsPowerShell\v1.0;C:\Windows\System32\OpenSSH;C:\Program Files\Intel\WiFi\bin;C:\Program Files\Common Files\Intel\WirelessCommon;C:\Program Files\Git\cmd;C:\Program Files\nodejs;C:\Users\theoko\AppData\Local\Microsoft\WindowsApps;C:\Users\theoko\AppData\Local\Programs\Microsoft VS Code\bin;C:\Users\theoko\AppData\Roaming\npm;C:\Users\theoko\AppData\Local\Programs\Python\Python38-32
USERNAME=theoko
DISPLAY=:0.0
OS=Windows_NT
PROCESSOR_IDENTIFIER=Intel64 Family 6 Model 94 Stepping 3, GenuineIntel



---------------  S Y S T E M  ---------------

OS: Windows 10 , 64 bit Build 17763 (10.0.17763.475)

CPU:total 8 (initial active 8) (4 cores per cpu, 2 threads per core) family 6 model 94 stepping 3, cmov, cx8, fxsr, mmx, sse, sse2, sse3, ssse3, sse4.1, sse4.2, popcnt, avx, avx2, aes, clmul, erms, rtm, 3dnowpref, lzcnt, ht, tsc, tscinvbit, bmi1, bmi2, adx, fma

Memory: 4k page, system-wide physical 16319M (761M free)
TotalPageFile size 46778M (AvailPageFile size 33M)
current process WorkingSet (physical memory assigned to process): 9M, peak: 9M
current process commit charge ("private bytes"): 60M, peak: 316M

vm_info: OpenJDK 64-Bit Server VM (11.0.5+10-b520.38) for windows-amd64 JRE (11.0.5+10-b520.38), built on Jan 23 2020 07:58:32 by "" with MS VC++ 14.0 (VS2015)

END.
